<?xml version="1.0" encoding="UTF-8"?>
<!-- Generated by org.testng.reporters.JUnitReportReporter -->
<testsuite hostname="PRFT-13975" failures="0" tests="1" name="xbox.testcases.XboxLeaderboardTest" time="11.801" errors="0" timestamp="20 Jan 2022 11:39:19 GMT">
  <testcase classname="xbox.testcases.XboxLeaderboardTest" name="leaderboardTest" time="11.801"/>
</testsuite> <!-- xbox.testcases.XboxLeaderboardTest -->
