<?xml version="1.0" encoding="UTF-8"?>
<!-- Generated by org.testng.reporters.JUnitReportReporter -->
<testsuite hostname="PRFT-16716" failures="0" tests="1" name="xboxtestcases.TC_01_LeaderboardTopFive" time="4.216" errors="0" timestamp="7 Mar 2022 14:32:18 GMT">
  <testcase classname="xboxtestcases.TC_01_LeaderboardTopFive" name="testGamertag" time="4.216"/>
</testsuite> <!-- xboxtestcases.TC_01_LeaderboardTopFive -->
