<?xml version="1.0" encoding="UTF-8"?>
<!-- Generated by org.testng.reporters.JUnitReportReporter -->
<testsuite hostname="PRFT-16716" failures="0" tests="1" name="xboxtestcases.TC_02_GamertagTopFive" time="11.873" errors="0" timestamp="7 Mar 2022 15:01:27 GMT">
  <testcase classname="xboxtestcases.TC_02_GamertagTopFive" name="validateUserTopFiveGames" time="11.873"/>
</testsuite> <!-- xboxtestcases.TC_02_GamertagTopFive -->
